<?xml version="1.0" encoding="UTF-8"?>
<testsuites>
  <testsuite id="0" name="/home/andy/sites/haven-development/src/view/routes/tests/Home.test.js" errors="0" package="/home/andy/sites/haven-development/src/view/routes/tests/Home.test.js" hostname="localhost" tests="1" failures="0" time="1.774" timestamp="2020-04-26T15:01:12">
    <properties>
    </properties>
    <testcase classname="&lt;Home /&gt;" name="renders" time="0">
    </testcase>
    <system-out/>
    <system-err/>
  </testsuite>
</testsuites>